<?xml version="1.0" encoding="UTF-8"?>
<!-- Generated by org.testng.reporters.JUnitReportReporter -->
<testsuite hostname="Manannan" name="tests.ServicesFooterLinks" tests="10" failures="0" timestamp="15 Apr 2015 22:03:23 GMT" time="169.186" errors="0">
  <testcase name="checkCompatibilityFooterLinkFF" time="15.176" classname="tests.ServicesFooterLinks"/>
  <testcase name="checkLoadPerformanceFooterLinkFF" time="16.007" classname="tests.ServicesFooterLinks"/>
  <testcase name="checkLocalizationFooterLinkFF" time="17.284" classname="tests.ServicesFooterLinks"/>
  <testcase name="checkWebsiteFooterLinkFF" time="15.130" classname="tests.ServicesFooterLinks"/>
  <testcase name="checkUsabilityFooterLinkFF" time="18.813" classname="tests.ServicesFooterLinks"/>
  <testcase name="checkFunctionalityFooterLinkFF" time="15.612" classname="tests.ServicesFooterLinks"/>
  <testcase name="checkAutomatedFooterLinkFF" time="16.795" classname="tests.ServicesFooterLinks"/>
  <testcase name="checkAccesibilityFooterLinkFF" time="15.606" classname="tests.ServicesFooterLinks"/>
  <testcase name="checkMobileDeviceServicesFooterLinkFF" time="22.430" classname="tests.ServicesFooterLinks"/>
  <testcase name="checkTestPlanWritingFooterLinkFF" time="16.333" classname="tests.ServicesFooterLinks"/>
</testsuite> <!-- tests.ServicesFooterLinks -->
