<?xml version="1.0" encoding="UTF-8"?>
<!-- Generated by org.testng.reporters.JUnitReportReporter -->
<testsuite hostname="Manannan" name="tests.CompatibilityTestingPage" tests="5" failures="0" timestamp="15 Apr 2015 22:03:23 GMT" time="78.804" errors="0">
  <testcase name="checkServicesBreadCrumb" time="15.749" classname="tests.CompatibilityTestingPage"/>
  <testcase name="checkBBBreadCrumb" time="15.609" classname="tests.CompatibilityTestingPage"/>
  <testcase name="checkContactUsLink" time="15.930" classname="tests.CompatibilityTestingPage"/>
  <testcase name="checkCompatibilityPurposeAndMethod" time="14.412" classname="tests.CompatibilityTestingPage"/>
  <testcase name="checkCompatibilityBreadCrumb" time="17.104" classname="tests.CompatibilityTestingPage"/>
</testsuite> <!-- tests.CompatibilityTestingPage -->
