<?xml version="1.0" encoding="UTF-8"?>
<!-- Generated by org.testng.reporters.JUnitReportReporter -->
<testsuite hostname="Manannan" name="tests.VideoCardsLabPage" tests="2" failures="0" timestamp="15 Apr 2015 22:03:23 GMT" time="30.124" errors="0">
  <testcase name="checkTheLabsBreadCrumb" time="14.426" classname="tests.VideoCardsLabPage"/>
  <testcase name="checkBBBreadCrumb" time="15.698" classname="tests.VideoCardsLabPage"/>
</testsuite> <!-- tests.VideoCardsLabPage -->
