<?xml version="1.0" encoding="UTF-8"?>
<!-- Generated by org.testng.reporters.JUnitReportReporter -->
<testsuite hostname="Manannan" name="tests.MobileDeviceTestingPage" tests="5" failures="0" timestamp="15 Apr 2015 22:03:23 GMT" time="75.580" errors="0">
  <testcase name="checkBBBreadCrumb" time="15.425" classname="tests.MobileDeviceTestingPage"/>
  <testcase name="checkServicesBreadCrumb" time="16.000" classname="tests.MobileDeviceTestingPage"/>
  <testcase name="checkWebsiteTestingBreadCrumb" time="15.250" classname="tests.MobileDeviceTestingPage"/>
  <testcase name="checkWebsitePurposeAndMethod" time="14.250" classname="tests.MobileDeviceTestingPage"/>
  <testcase name="checkMobileDeviceBodyLink" time="14.655" classname="tests.MobileDeviceTestingPage"/>
</testsuite> <!-- tests.MobileDeviceTestingPage -->
