<?xml version="1.0" encoding="UTF-8"?>
<!-- Generated by org.testng.reporters.JUnitReportReporter -->
<testsuite hostname="Manannan" name="tests.NavToHomepage" tests="2" failures="0" timestamp="15 Apr 2015 22:03:23 GMT" time="20.531" errors="0">
  <testcase name="checkHomePageLoadChrome" time="9.055" classname="tests.NavToHomepage"/>
  <testcase name="checkHomePageLoadFF" time="11.476" classname="tests.NavToHomepage"/>
</testsuite> <!-- tests.NavToHomepage -->
