<?xml version="1.0" encoding="UTF-8"?>
<!-- Generated by org.testng.reporters.JUnitReportReporter -->
<testsuite hostname="Manannan" name="tests.ContactPage" tests="1" failures="0" timestamp="15 Apr 2015 22:03:23 GMT" time="15.745" errors="0">
  <testcase name="checkBreadCrumb" time="15.745" classname="tests.ContactPage"/>
</testsuite> <!-- tests.ContactPage -->
