<?xml version="1.0" encoding="UTF-8"?>
<!-- Generated by org.testng.reporters.JUnitReportReporter -->
<testsuite hostname="Manannan" name="tests.TheLabsPage" tests="6" failures="0" timestamp="15 Apr 2015 22:03:23 GMT" time="94.792" errors="0">
  <testcase name="checkMacSystemsButton" time="15.466" classname="tests.TheLabsPage"/>
  <testcase name="checkMobileDevicesButton" time="15.613" classname="tests.TheLabsPage"/>
  <testcase name="checkVideoCardButton" time="15.393" classname="tests.TheLabsPage"/>
  <testcase name="checkBreadCrumb" time="15.931" classname="tests.TheLabsPage"/>
  <testcase name="checkLaptopsButton" time="16.493" classname="tests.TheLabsPage"/>
  <testcase name="checkPCSystemsButton" time="15.896" classname="tests.TheLabsPage"/>
</testsuite> <!-- tests.TheLabsPage -->
