<?xml version="1.0" encoding="UTF-8"?>
<!-- Generated by org.testng.reporters.JUnitReportReporter -->
<testsuite hostname="Manannan" name="tests.MacSystemsLabPage" tests="2" failures="0" timestamp="15 Apr 2015 22:03:23 GMT" time="31.355" errors="0">
  <testcase name="checkTheLabsBreadCrumb" time="15.570" classname="tests.MacSystemsLabPage"/>
  <testcase name="checkBBBreadCrumb" time="15.785" classname="tests.MacSystemsLabPage"/>
</testsuite> <!-- tests.MacSystemsLabPage -->
