<?xml version="1.0" encoding="UTF-8"?>
<!-- Generated by org.testng.reporters.JUnitReportReporter -->
<testsuite hostname="Manannan" name="tests.CareerCompanyPage" tests="2" failures="0" timestamp="15 Apr 2015 22:03:23 GMT" time="30.602" errors="0">
  <testcase name="checkBBBreadCrumb" time="15.434" classname="tests.CareerCompanyPage"/>
  <testcase name="checkTheLabsBreadCrumb" time="15.168" classname="tests.CareerCompanyPage"/>
</testsuite> <!-- tests.CareerCompanyPage -->
