<?xml version="1.0" encoding="UTF-8"?>
<!-- Generated by org.testng.reporters.JUnitReportReporter -->
<testsuite hostname="Manannan" name="tests.MobileDeviceLabPage" tests="7" failures="0" timestamp="15 Apr 2015 22:03:23 GMT" time="110.077" errors="0">
  <testcase name="checkVideoCardsLink" time="15.843" classname="tests.MobileDeviceLabPage"/>
  <testcase name="checkPCSystemsLink" time="15.831" classname="tests.MobileDeviceLabPage"/>
  <testcase name="checkTheLabsBreadCrumb" time="15.440" classname="tests.MobileDeviceLabPage"/>
  <testcase name="checkMacSystemLink" time="15.785" classname="tests.MobileDeviceLabPage"/>
  <testcase name="checkBBBreadCrumb" time="16.288" classname="tests.MobileDeviceLabPage"/>
  <testcase name="checkLaptopLink" time="15.378" classname="tests.MobileDeviceLabPage"/>
  <testcase name="checkMobileDevicesLink" time="15.512" classname="tests.MobileDeviceLabPage"/>
</testsuite> <!-- tests.MobileDeviceLabPage -->
