<?xml version="1.0" encoding="UTF-8"?>
<!-- Generated by org.testng.reporters.JUnitReportReporter -->
<testsuite hostname="Manannan" name="tests.NextProjectLink" tests="2" failures="0" timestamp="15 Apr 2015 22:03:23 GMT" time="27.725" errors="0">
  <testcase name="checkNextProjectLinkFF" time="16.558" classname="tests.NextProjectLink"/>
  <testcase name="checkNextProjectLinkChrome" time="11.167" classname="tests.NextProjectLink"/>
</testsuite> <!-- tests.NextProjectLink -->
