<?xml version="1.0" encoding="UTF-8"?>
<!-- Generated by org.testng.reporters.JUnitReportReporter -->
<testsuite hostname="Manannan" name="tests.TheLabsHeaderLink" tests="2" failures="0" timestamp="15 Apr 2015 22:03:23 GMT" time="27.342" errors="0">
  <testcase name="checkTheLabsHeaderLinkChrome" time="11.521" classname="tests.TheLabsHeaderLink"/>
  <testcase name="checkTheLabsHeaderLinkFF" time="15.821" classname="tests.TheLabsHeaderLink"/>
</testsuite> <!-- tests.TheLabsHeaderLink -->
