<?xml version="1.0" encoding="UTF-8"?>
<!-- Generated by org.testng.reporters.JUnitReportReporter -->
<testsuite hostname="Manannan" name="tests.PCSystemsLabPage" tests="2" failures="0" timestamp="15 Apr 2015 22:03:23 GMT" time="31.677" errors="0">
  <testcase name="checkBBBreadCrumb" time="16.180" classname="tests.PCSystemsLabPage"/>
  <testcase name="checkTheLabsBreadCrumb" time="15.497" classname="tests.PCSystemsLabPage"/>
</testsuite> <!-- tests.PCSystemsLabPage -->
