<?xml version="1.0" encoding="UTF-8"?>
<!-- Generated by org.testng.reporters.JUnitReportReporter -->
<testsuite hostname="Manannan" name="tests.PrivacyPolicy" tests="2" failures="0" timestamp="15 Apr 2015 22:03:23 GMT" time="27.616" errors="0">
  <testcase name="checkPrivacyPolicyFooterLinkChrome" time="12.020" classname="tests.PrivacyPolicy"/>
  <testcase name="checkPrivacyPolicyFooterLinkFF" time="15.596" classname="tests.PrivacyPolicy"/>
</testsuite> <!-- tests.PrivacyPolicy -->
