<?xml version="1.0" encoding="UTF-8"?>
<!-- Generated by org.testng.reporters.JUnitReportReporter -->
<testsuite hostname="Manannan" name="tests.BlogPage" tests="3" failures="0" timestamp="15 Apr 2015 22:03:23 GMT" time="75.364" errors="0">
  <testcase name="checkPreviousLink" time="16.585" classname="tests.BlogPage"/>
  <testcase name="checkNextLink" time="16.814" classname="tests.BlogPage"/>
  <testcase name="checkNumberedLinks" time="41.965" classname="tests.BlogPage"/>
</testsuite> <!-- tests.BlogPage -->
