<?xml version="1.0" encoding="UTF-8"?>
<!-- Generated by org.testng.reporters.JUnitReportReporter -->
<testsuite hostname="Manannan" name="tests.ServicesHeaderLink" tests="2" failures="0" timestamp="15 Apr 2015 22:03:23 GMT" time="27.549" errors="0">
  <testcase name="checkServicesHeaderLinkFF" time="15.740" classname="tests.ServicesHeaderLink"/>
  <testcase name="checkServicesHeaderLinkChrome" time="11.809" classname="tests.ServicesHeaderLink"/>
</testsuite> <!-- tests.ServicesHeaderLink -->
