<?xml version="1.0" encoding="UTF-8"?>
<!-- Generated by org.testng.reporters.JUnitReportReporter -->
<testsuite hostname="Manannan" name="tests.TeamCompanyPage" tests="2" failures="0" timestamp="15 Apr 2015 22:03:23 GMT" time="31.750" errors="0">
  <testcase name="checkTheLabsBreadCrumb" time="15.990" classname="tests.TeamCompanyPage"/>
  <testcase name="checkBBBreadCrumb" time="15.760" classname="tests.TeamCompanyPage"/>
</testsuite> <!-- tests.TeamCompanyPage -->
