<?xml version="1.0" encoding="UTF-8"?>
<!-- Generated by org.testng.reporters.JUnitReportReporter -->
<testsuite hostname="Manannan" name="tests.TheLabsFooterLinks" tests="5" failures="0" timestamp="15 Apr 2015 22:03:23 GMT" time="80.738" errors="0">
  <testcase name="checkMobileDevicesLabsFooterLinkFF" time="16.369" classname="tests.TheLabsFooterLinks"/>
  <testcase name="checkVideoCardsFooterLinkFF" time="15.312" classname="tests.TheLabsFooterLinks"/>
  <testcase name="checkPCSystemsFooterLinkFF" time="16.423" classname="tests.TheLabsFooterLinks"/>
  <testcase name="checkMacSystemsFooterLinkFF" time="15.417" classname="tests.TheLabsFooterLinks"/>
  <testcase name="checkLaptopsFooterLinkFF" time="17.217" classname="tests.TheLabsFooterLinks"/>
</testsuite> <!-- tests.TheLabsFooterLinks -->
