<?xml version="1.0" encoding="UTF-8"?>
<!-- Generated by org.testng.reporters.JUnitReportReporter -->
<testsuite hostname="Manannan" name="tests.WhyTestPage" tests="1" failures="0" timestamp="15 Apr 2015 22:03:23 GMT" time="16.938" errors="0">
  <testcase name="checkBreadCrumbLink" time="16.938" classname="tests.WhyTestPage"/>
</testsuite> <!-- tests.WhyTestPage -->
