<?xml version="1.0" encoding="UTF-8"?>
<!-- Generated by org.testng.reporters.JUnitReportReporter -->
<testsuite hostname="Manannan" name="tests.BlogHeaderLink" tests="2" failures="0" timestamp="15 Apr 2015 22:03:23 GMT" time="27.931" errors="0">
  <testcase name="checkBlogHeaderLinkChrome" time="11.995" classname="tests.BlogHeaderLink"/>
  <testcase name="checkBlogHeaderLinkFF" time="15.936" classname="tests.BlogHeaderLink"/>
</testsuite> <!-- tests.BlogHeaderLink -->
