<?xml version="1.0" encoding="UTF-8"?>
<!-- Generated by org.testng.reporters.JUnitReportReporter -->
<testsuite hostname="Manannan" name="tests.WhyOutsource" tests="2" failures="0" timestamp="15 Apr 2015 22:03:23 GMT" time="30.579" errors="0">
  <testcase name="checkBBBreadCrumb" time="15.275" classname="tests.WhyOutsource"/>
  <testcase name="checkWhyTestBreadCrumb" time="15.304" classname="tests.WhyOutsource"/>
</testsuite> <!-- tests.WhyOutsource -->
