<?xml version="1.0" encoding="UTF-8"?>
<!-- Generated by org.testng.reporters.JUnitReportReporter -->
<testsuite hostname="Manannan" name="tests.FAQ" tests="2" failures="0" timestamp="15 Apr 2015 22:03:23 GMT" time="31.493" errors="0">
  <testcase name="checkBBBreadCrumb" time="15.647" classname="tests.FAQ"/>
  <testcase name="checkWhyTestBreadCrumb" time="15.846" classname="tests.FAQ"/>
</testsuite> <!-- tests.FAQ -->
