<?xml version="1.0" encoding="UTF-8"?>
<!-- Generated by org.testng.reporters.JUnitReportReporter -->
<testsuite hostname="Manannan" name="tests.WhyTestHeaderLink" tests="2" failures="0" timestamp="15 Apr 2015 22:03:23 GMT" time="26.537" errors="0">
  <testcase name="checkWhyTestHeaderLinkChrome" time="11.655" classname="tests.WhyTestHeaderLink"/>
  <testcase name="checkWhyTestHeaderLinkFF" time="14.882" classname="tests.WhyTestHeaderLink"/>
</testsuite> <!-- tests.WhyTestHeaderLink -->
