<?xml version="1.0" encoding="UTF-8"?>
<!-- Generated by org.testng.reporters.JUnitReportReporter -->
<testsuite hostname="Manannan" name="tests.TheLabsPullDown" tests="5" failures="0" timestamp="15 Apr 2015 22:03:23 GMT" time="80.815" errors="0">
  <testcase name="checkTheLabsPullDown_VideoCards_FF" time="17.048" classname="tests.TheLabsPullDown"/>
  <testcase name="checkTheLabsPullDown_Laptops_FF" time="16.732" classname="tests.TheLabsPullDown"/>
  <testcase name="checkTheLabsPullDown_PCSystems_FF" time="15.510" classname="tests.TheLabsPullDown"/>
  <testcase name="checkTheLabsPullDown_MobileDevices_FF" time="15.428" classname="tests.TheLabsPullDown"/>
  <testcase name="checkTheLabsPullDown_Mac_FF" time="16.097" classname="tests.TheLabsPullDown"/>
</testsuite> <!-- tests.TheLabsPullDown -->
