<?xml version="1.0" encoding="UTF-8"?>
<!-- Generated by org.testng.reporters.JUnitReportReporter -->
<testsuite hostname="Manannan" name="tests.LocalizationTestPage" tests="4" failures="0" timestamp="15 Apr 2015 22:03:23 GMT" time="63.708" errors="0">
  <testcase name="checkLocalizationPurposeAndMethod" time="15.514" classname="tests.LocalizationTestPage"/>
  <testcase name="checkServicesBreadCrumb" time="17.231" classname="tests.LocalizationTestPage"/>
  <testcase name="checkBBBreadCrumb" time="15.621" classname="tests.LocalizationTestPage"/>
  <testcase name="checkLocalizationTestingBreadCrumb" time="15.342" classname="tests.LocalizationTestPage"/>
</testsuite> <!-- tests.LocalizationTestPage -->
