<?xml version="1.0" encoding="UTF-8"?>
<!-- Generated by org.testng.reporters.JUnitReportReporter -->
<testsuite hostname="Manannan" name="tests.ContactHeaderLink" tests="2" failures="0" timestamp="15 Apr 2015 22:03:23 GMT" time="29.143" errors="0">
  <testcase name="checkContactHeaderLinkChrome" time="12.003" classname="tests.ContactHeaderLink"/>
  <testcase name="checkContactHeaderLinkFF" time="17.140" classname="tests.ContactHeaderLink"/>
</testsuite> <!-- tests.ContactHeaderLink -->
