<?xml version="1.0" encoding="UTF-8"?>
<!-- Generated by org.testng.reporters.JUnitReportReporter -->
<testsuite hostname="Manannan" name="tests.LaptopLabPage" tests="2" failures="0" timestamp="15 Apr 2015 22:03:23 GMT" time="31.053" errors="0">
  <testcase name="checkBBBreadCrumb" time="15.397" classname="tests.LaptopLabPage"/>
  <testcase name="checkTheLabsBreadCrumb" time="15.656" classname="tests.LaptopLabPage"/>
</testsuite> <!-- tests.LaptopLabPage -->
