<?xml version="1.0" encoding="UTF-8"?>
<!-- Generated by org.testng.reporters.JUnitReportReporter -->
<testsuite hostname="Manannan" name="tests.TestimonialLinks" tests="6" failures="0" timestamp="15 Apr 2015 22:03:23 GMT" time="91.832" errors="0">
  <testcase name="checkTrekTestimonialLinkFF" time="15.022" classname="tests.TestimonialLinks"/>
  <testcase name="checkOracleTestimonialLinkFF" time="15.956" classname="tests.TestimonialLinks"/>
  <testcase name="checkScrippsTestimonialLinkFF" time="14.816" classname="tests.TestimonialLinks"/>
  <testcase name="checkCiscoTestimonialLinkFF" time="14.146" classname="tests.TestimonialLinks"/>
  <testcase name="checkLeapFrogTestimonialLinkFF" time="16.287" classname="tests.TestimonialLinks"/>
  <testcase name="checkSnapOnTestimonialLinkFF" time="15.605" classname="tests.TestimonialLinks"/>
</testsuite> <!-- tests.TestimonialLinks -->
