<?xml version="1.0" encoding="UTF-8"?>
<!-- Generated by org.testng.reporters.JUnitReportReporter -->
<testsuite hostname="Manannan" name="tests.WhyTestPullDown" tests="4" failures="0" timestamp="15 Apr 2015 22:03:23 GMT" time="64.275" errors="0">
  <testcase name="checkWhyTestPullDown_WhyHire_FF" time="16.266" classname="tests.WhyTestPullDown"/>
  <testcase name="checkWhyTestPullDown_FAQ_FF" time="16.189" classname="tests.WhyTestPullDown"/>
  <testcase name="checkWhyTestPullDown_WhyOutsource_FF" time="15.964" classname="tests.WhyTestPullDown"/>
  <testcase name="checkWhyTestPulldown_Process_FF" time="15.856" classname="tests.WhyTestPullDown"/>
</testsuite> <!-- tests.WhyTestPullDown -->
