<?xml version="1.0" encoding="UTF-8"?>
<!-- Generated by org.testng.reporters.JUnitReportReporter -->
<testsuite hostname="Manannan" name="tests.TestPlanWritingPage" tests="4" failures="0" timestamp="15 Apr 2015 22:03:23 GMT" time="62.205" errors="0">
  <testcase name="checkBBBreadCrumb" time="14.926" classname="tests.TestPlanWritingPage"/>
  <testcase name="checkTestPlanWritingPurposeAndMethod" time="16.452" classname="tests.TestPlanWritingPage"/>
  <testcase name="checkServicesBreadCrumb" time="15.460" classname="tests.TestPlanWritingPage"/>
  <testcase name="checkTestPlanWritingTestingBreadCrumb" time="15.367" classname="tests.TestPlanWritingPage"/>
</testsuite> <!-- tests.TestPlanWritingPage -->
