<?xml version="1.0" encoding="UTF-8"?>
<!-- Generated by org.testng.reporters.JUnitReportReporter -->
<testsuite hostname="Manannan" name="tests.CompanyPullDown" tests="3" failures="0" timestamp="15 Apr 2015 22:03:23 GMT" time="47.708" errors="0">
  <testcase name="checkCompanyPullDown_Testimonials_FF" time="15.791" classname="tests.CompanyPullDown"/>
  <testcase name="checkCompanyPullDown_Careers_FF" time="15.827" classname="tests.CompanyPullDown"/>
  <testcase name="checkCompanyPullDown_Team_FF" time="16.090" classname="tests.CompanyPullDown"/>
</testsuite> <!-- tests.CompanyPullDown -->
