<?xml version="1.0" encoding="UTF-8"?>
<!-- Generated by org.testng.reporters.JUnitReportReporter -->
<testsuite hostname="Manannan" name="tests.HomeLinks" tests="4" failures="0" timestamp="15 Apr 2015 22:03:23 GMT" time="52.779" errors="0">
  <testcase name="checkHomeLinkFF" time="16.437" classname="tests.HomeLinks"/>
  <testcase name="checkLogoChrome" time="9.998" classname="tests.HomeLinks"/>
  <testcase name="checkHomeLinkChrome" time="12.027" classname="tests.HomeLinks"/>
  <testcase name="checkLogoFF" time="14.317" classname="tests.HomeLinks"/>
</testsuite> <!-- tests.HomeLinks -->
