<?xml version="1.0" encoding="UTF-8"?>
<!-- Generated by org.testng.reporters.JUnitReportReporter -->
<testsuite hostname="Manannan" name="tests.LoadPerformanceTestingPage" tests="4" failures="0" timestamp="15 Apr 2015 22:03:23 GMT" time="62.971" errors="0">
  <testcase name="checkBBBreadCrumb" time="15.950" classname="tests.LoadPerformanceTestingPage"/>
  <testcase name="checkLoadPerformanceBreadCrumb" time="15.746" classname="tests.LoadPerformanceTestingPage"/>
  <testcase name="checkLoadPerformancePurposeAndMethod" time="15.551" classname="tests.LoadPerformanceTestingPage"/>
  <testcase name="checkServicesBreadCrumb" time="15.724" classname="tests.LoadPerformanceTestingPage"/>
</testsuite> <!-- tests.LoadPerformanceTestingPage -->
