<?xml version="1.0" encoding="UTF-8"?>
<!-- Generated by org.testng.reporters.JUnitReportReporter -->
<testsuite hostname="Manannan" name="tests.FunctionalityTestingPage" tests="4" failures="0" timestamp="15 Apr 2015 22:03:23 GMT" time="61.016" errors="0">
  <testcase name="checkFunctionalityPurposeAndMethod" time="16.022" classname="tests.FunctionalityTestingPage"/>
  <testcase name="checkBBBreadCrumb" time="15.644" classname="tests.FunctionalityTestingPage"/>
  <testcase name="checkFunctionalityBreadCrumb" time="15.457" classname="tests.FunctionalityTestingPage"/>
  <testcase name="checkServicesBreadCrumb" time="13.893" classname="tests.FunctionalityTestingPage"/>
</testsuite> <!-- tests.FunctionalityTestingPage -->
