<?xml version="1.0" encoding="UTF-8"?>
<!-- Generated by org.testng.reporters.JUnitReportReporter -->
<testsuite hostname="Manannan" name="tests.ServicesPullDown" tests="10" failures="0" timestamp="15 Apr 2015 22:03:23 GMT" time="154.863" errors="0">
  <testcase name="checkServicesPullDown_Localization_FF" time="15.177" classname="tests.ServicesPullDown"/>
  <testcase name="checkServicesPullDown_Functionality_FF" time="15.314" classname="tests.ServicesPullDown"/>
  <testcase name="checkServicesPullDown_Usability_FF" time="15.362" classname="tests.ServicesPullDown"/>
  <testcase name="checkServicesPullDown_Accessibility_FF" time="14.821" classname="tests.ServicesPullDown"/>
  <testcase name="checkServicesPullDown_LoadPerf_FF" time="15.697" classname="tests.ServicesPullDown"/>
  <testcase name="checkServicesPullDown_TPWriting_FF" time="16.141" classname="tests.ServicesPullDown"/>
  <testcase name="checkServicesPullDown_WebsiteTesting_FF" time="15.256" classname="tests.ServicesPullDown"/>
  <testcase name="checkServicesPullDown_MobileDevice_FF" time="16.289" classname="tests.ServicesPullDown"/>
  <testcase name="checkServicesPullDown_Automated_FF" time="14.976" classname="tests.ServicesPullDown"/>
  <testcase name="checkServicesPullDown_Compatibility_FF" time="15.830" classname="tests.ServicesPullDown"/>
</testsuite> <!-- tests.ServicesPullDown -->
