<?xml version="1.0" encoding="UTF-8"?>
<!-- Generated by org.testng.reporters.JUnitReportReporter -->
<testsuite hostname="Manannan" name="tests.WhyHireBB" tests="2" failures="0" timestamp="15 Apr 2015 22:03:23 GMT" time="32.460" errors="0">
  <testcase name="checkWhyTestBreadCrumb" time="15.363" classname="tests.WhyHireBB"/>
  <testcase name="checkBBBreadCrumb" time="17.097" classname="tests.WhyHireBB"/>
</testsuite> <!-- tests.WhyHireBB -->
