<?xml version="1.0" encoding="UTF-8"?>
<!-- Generated by org.testng.reporters.JUnitReportReporter -->
<testsuite hostname="Manannan" name="tests.ServicesBodyLinks" tests="8" failures="0" timestamp="15 Apr 2015 22:03:23 GMT" time="123.020" errors="0">
  <testcase name="checkMobileTestingReadMoreLinkFF" time="14.453" classname="tests.ServicesBodyLinks"/>
  <testcase name="checkFunctionalityReadMoreLinkFF" time="15.129" classname="tests.ServicesBodyLinks"/>
  <testcase name="checkWebsiteTestingIconLinkFF" time="15.653" classname="tests.ServicesBodyLinks"/>
  <testcase name="checkFunctionalityIconLinkFF" time="15.941" classname="tests.ServicesBodyLinks"/>
  <testcase name="checkCompatibilityIconLinkFF" time="16.122" classname="tests.ServicesBodyLinks"/>
  <testcase name="checkWebsiteTestingReadMoreLinkFF" time="15.251" classname="tests.ServicesBodyLinks"/>
  <testcase name="checkMobileTestingIconLinkFF" time="14.904" classname="tests.ServicesBodyLinks"/>
  <testcase name="checkCompatibilityReadMoreLinkFF" time="15.567" classname="tests.ServicesBodyLinks"/>
</testsuite> <!-- tests.ServicesBodyLinks -->
