<?xml version="1.0" encoding="UTF-8"?>
<!-- Generated by org.testng.reporters.JUnitReportReporter -->
<testsuite hostname="Manannan" name="tests.AutomatedTestingPage" tests="4" failures="0" timestamp="15 Apr 2015 22:03:23 GMT" time="62.522" errors="0">
  <testcase name="checkAutomatedTestingBreadCrumb" time="15.490" classname="tests.AutomatedTestingPage"/>
  <testcase name="checkServicesBreadCrumb" time="15.843" classname="tests.AutomatedTestingPage"/>
  <testcase name="checkBBBreadCrumb" time="15.619" classname="tests.AutomatedTestingPage"/>
  <testcase name="checkAutomatedPurposeAndMethod" time="15.570" classname="tests.AutomatedTestingPage"/>
</testsuite> <!-- tests.AutomatedTestingPage -->
