<?xml version="1.0" encoding="UTF-8"?>
<!-- Generated by org.testng.reporters.JUnitReportReporter -->
<testsuite hostname="Manannan" name="tests.ServicesPage" tests="11" failures="0" timestamp="15 Apr 2015 22:03:23 GMT" time="173.520" errors="0">
  <testcase name="testMobileDeviceButton" time="15.091" classname="tests.ServicesPage"/>
  <testcase name="testFunctionalityButton" time="15.630" classname="tests.ServicesPage"/>
  <testcase name="testAccessibilityButton" time="15.898" classname="tests.ServicesPage"/>
  <testcase name="testWebsiteQAButton" time="15.900" classname="tests.ServicesPage"/>
  <testcase name="testLocalizationButton" time="13.840" classname="tests.ServicesPage"/>
  <testcase name="testCompatibilityButton" time="16.340" classname="tests.ServicesPage"/>
  <testcase name="testAutomatedButton" time="16.649" classname="tests.ServicesPage"/>
  <testcase name="testLoadPerformanceButton" time="16.289" classname="tests.ServicesPage"/>
  <testcase name="testBreadCrumbLink" time="15.866" classname="tests.ServicesPage"/>
  <testcase name="testTestPlanButton" time="15.602" classname="tests.ServicesPage"/>
  <testcase name="testUsabilityButton" time="16.415" classname="tests.ServicesPage"/>
</testsuite> <!-- tests.ServicesPage -->
