<?xml version="1.0" encoding="UTF-8"?>
<!-- Generated by org.testng.reporters.JUnitReportReporter -->
<testsuite hostname="Manannan" name="tests.WebsiteTestingPage" tests="4" failures="0" timestamp="15 Apr 2015 22:03:23 GMT" time="65.976" errors="0">
  <testcase name="checkBBBreadCrumb" time="16.475" classname="tests.WebsiteTestingPage"/>
  <testcase name="checkWebsitePurposeAndMethod" time="16.479" classname="tests.WebsiteTestingPage"/>
  <testcase name="checkWebsiteTestingBreadCrumb" time="15.623" classname="tests.WebsiteTestingPage"/>
  <testcase name="checkServicesBreadCrumb" time="17.399" classname="tests.WebsiteTestingPage"/>
</testsuite> <!-- tests.WebsiteTestingPage -->
