<?xml version="1.0" encoding="UTF-8"?>
<!-- Generated by org.testng.reporters.JUnitReportReporter -->
<testsuite hostname="Manannan" name="tests.GetStartedContactUs" tests="5" failures="0" timestamp="15 Apr 2015 22:03:23 GMT" time="88.224" errors="0">
  <testcase name="textField" time="15.339" classname="tests.GetStartedContactUs"/>
  <testcase name="justNameFieldPopulated" time="17.642" classname="tests.GetStartedContactUs"/>
  <testcase name="badEmailAddress" time="17.588" classname="tests.GetStartedContactUs"/>
  <testcase name="javascriptTestInMessageField" time="21.682" classname="tests.GetStartedContactUs"/>
  <testcase name="emptyTextFieldsTest" time="15.973" classname="tests.GetStartedContactUs"/>
</testsuite> <!-- tests.GetStartedContactUs -->
