<?xml version="1.0" encoding="UTF-8"?>
<!-- Generated by org.testng.reporters.JUnitReportReporter -->
<testsuite hostname="Manannan" name="tests.SocialFooterLinks" tests="4" failures="0" timestamp="15 Apr 2015 22:03:23 GMT" time="75.369" errors="1">
  <testcase name="checkFacebookFooterLinkFF" time="22.476" classname="tests.SocialFooterLinks"/>
  <testcase name="checkTwitterFooterLinkFF" time="16.709" classname="tests.SocialFooterLinks"/>
  <testcase name="checkGooglePlusFooterLinkFF" time="18.753" classname="tests.SocialFooterLinks"/>
  <testcase name="checkLinkedInFooterLinkFF" time="17.431" classname="tests.SocialFooterLinks">
    <error type="org.junit.ComparisonFailure" message="expected:&lt;...inkedin.com/company/[1270191]&gt; but was:&lt;...inkedin.com/company/[beta-breakers]&gt;">
      <![CDATA[org.junit.ComparisonFailure: expected:<...inkedin.com/company/[1270191]> but was:<...inkedin.com/company/[beta-breakers]>
	at org.junit.Assert.assertEquals(Assert.java:115)
	at org.junit.Assert.assertEquals(Assert.java:144)
	at tests.SocialFooterLinks.checkLinkedInFooterLinkFF(SocialFooterLinks.java:102)
	at sun.reflect.NativeMethodAccessorImpl.invoke0(Native Method)
	at sun.reflect.NativeMethodAccessorImpl.invoke(Unknown Source)
	at sun.reflect.DelegatingMethodAccessorImpl.invoke(Unknown Source)
	at java.lang.reflect.Method.invoke(Unknown Source)
	at org.testng.internal.MethodInvocationHelper.invokeMethod(MethodInvocationHelper.java:84)
	at org.testng.internal.Invoker.invokeMethod(Invoker.java:714)
	at org.testng.internal.Invoker.invokeTestMethod(Invoker.java:901)
	at org.testng.internal.Invoker.invokeTestMethods(Invoker.java:1231)
	at org.testng.internal.TestMethodWorker.invokeTestMethods(TestMethodWorker.java:127)
	at org.testng.internal.TestMethodWorker.run(TestMethodWorker.java:111)
	at org.testng.TestRunner.privateRun(TestRunner.java:767)
	at org.testng.TestRunner.run(TestRunner.java:617)
	at org.testng.SuiteRunner.runTest(SuiteRunner.java:334)
	at org.testng.SuiteRunner.runSequentially(SuiteRunner.java:329)
	at org.testng.SuiteRunner.privateRun(SuiteRunner.java:291)
	at org.testng.SuiteRunner.run(SuiteRunner.java:240)
	at org.testng.SuiteRunnerWorker.runSuite(SuiteRunnerWorker.java:52)
	at org.testng.SuiteRunnerWorker.run(SuiteRunnerWorker.java:86)
	at org.testng.TestNG.runSuitesSequentially(TestNG.java:1224)
	at org.testng.TestNG.runSuitesLocally(TestNG.java:1149)
	at org.testng.TestNG.run(TestNG.java:1057)
	at tests.Start.main(Start.java:65)
]]>
    </error>
  </testcase> <!-- checkLinkedInFooterLinkFF -->
</testsuite> <!-- tests.SocialFooterLinks -->
