<?xml version="1.0" encoding="UTF-8"?>
<!-- Generated by org.testng.reporters.JUnitReportReporter -->
<testsuite hostname="Manannan" name="tests.TheCompany" tests="4" failures="0" timestamp="15 Apr 2015 22:03:23 GMT" time="62.303" errors="0">
  <testcase name="checkCareersFooterLinkFF" time="15.493" classname="tests.TheCompany"/>
  <testcase name="checkSitemapFooterLinkFF" time="15.973" classname="tests.TheCompany"/>
  <testcase name="checkTestimonialsFooterLinkFF" time="15.689" classname="tests.TheCompany"/>
  <testcase name="checkBBTeamFooterLinkFF" time="15.148" classname="tests.TheCompany"/>
</testsuite> <!-- tests.TheCompany -->
