<?xml version="1.0" encoding="UTF-8"?>
<!-- Generated by org.testng.reporters.JUnitReportReporter -->
<testsuite hostname="Manannan" name="tests.contactusBodyLink" tests="1" failures="0" timestamp="15 Apr 2015 22:03:23 GMT" time="17.432" errors="0">
  <testcase name="checkContactUsBodyLinkFF" time="17.432" classname="tests.contactusBodyLink"/>
</testsuite> <!-- tests.contactusBodyLink -->
