<?xml version="1.0" encoding="UTF-8"?>
<!-- Generated by org.testng.reporters.JUnitReportReporter -->
<testsuite hostname="Manannan" name="tests.TheProcessPage" tests="2" failures="0" timestamp="15 Apr 2015 22:03:23 GMT" time="35.647" errors="0">
  <testcase name="checkWhyTestBreadCrumb" time="18.960" classname="tests.TheProcessPage"/>
  <testcase name="checkBBBreadCrumb" time="16.687" classname="tests.TheProcessPage"/>
</testsuite> <!-- tests.TheProcessPage -->
