<?xml version="1.0" encoding="UTF-8"?>
<!-- Generated by org.testng.reporters.JUnitReportReporter -->
<testsuite hostname="Manannan" name="tests.CompanyHeaderLink" tests="2" failures="0" timestamp="15 Apr 2015 22:03:23 GMT" time="27.763" errors="0">
  <testcase name="checkCompanyHeaderLinkChrome" time="12.072" classname="tests.CompanyHeaderLink"/>
  <testcase name="checkCompanyHeaderLinkFF" time="15.691" classname="tests.CompanyHeaderLink"/>
</testsuite> <!-- tests.CompanyHeaderLink -->
