<?xml version="1.0" encoding="UTF-8"?>
<!-- Generated by org.testng.reporters.JUnitReportReporter -->
<testsuite hostname="Manannan" name="tests.AccessibilityTestingPage" tests="4" failures="0" timestamp="15 Apr 2015 22:03:23 GMT" time="66.558" errors="0">
  <testcase name="checkBBBreadCrumb" time="15.774" classname="tests.AccessibilityTestingPage"/>
  <testcase name="checkServicesBreadCrumb" time="15.946" classname="tests.AccessibilityTestingPage"/>
  <testcase name="checkAccessibilityBreadCrumb" time="18.478" classname="tests.AccessibilityTestingPage"/>
  <testcase name="checkAccessibilityPurposeAndMethod" time="16.360" classname="tests.AccessibilityTestingPage"/>
</testsuite> <!-- tests.AccessibilityTestingPage -->
