<?xml version="1.0" encoding="UTF-8"?>
<!-- Generated by org.testng.reporters.JUnitReportReporter -->
<testsuite hostname="Manannan" name="tests.UsabilityTestingPage" tests="4" failures="0" timestamp="15 Apr 2015 22:03:23 GMT" time="65.094" errors="0">
  <testcase name="checkUsabilityPurposeAndMethod" time="16.017" classname="tests.UsabilityTestingPage"/>
  <testcase name="checkServicesBreadCrumb" time="15.746" classname="tests.UsabilityTestingPage"/>
  <testcase name="checkBBBreadCrumb" time="16.351" classname="tests.UsabilityTestingPage"/>
  <testcase name="checkUsabilityTestingBreadCrumb" time="16.980" classname="tests.UsabilityTestingPage"/>
</testsuite> <!-- tests.UsabilityTestingPage -->
